[Sun May  3 13:40:40.734 2009] 0.250 sec [all/0/rel 4 (0,20)] [*] was associated with
[Sun May  3 13:47:58.765 2009] 0.001 sec [all/0/rel 4 (0,20)] [*] was associated with
[Sun May  3 13:51:34.343 2009] 0.001 sec [all/0/rel 4 (0,500)] [*] was associated with
[Sun May  3 13:52:15.609 2009] 0.000 sec [all/0/rel 4 (0,500)] [*] was associated with
[Sun May  3 13:53:12.343 2009] 0.044 sec [all/0/rel 6 (0,500)] [*] inhibit
[Sun May  3 13:53:35.828 2009] 0.000 sec [any/0/rel 6 (0,500)] [*] inhibit
[Sun May  3 13:53:51.906 2009] 0.001 sec [all/0/rel 6 (0,500)] [*] inhibit
[Sun May  3 15:32:46.812 2009] 0.001 sec [all/0/rel 6 (0,500)] [*] inhibit
[Sun May  3 15:42:33.437 2009] 0.001 sec [all/0/rel 6 (0,20)] [*] inhibit
[Sun May  3 15:44:25.562 2009] 0.001 sec [all/0/rel 6 (0,500)] [*] inhibit
[Sun May  3 20:35:36.000 2009] 0.001 sec [all/0/rel 15 (0,500)] [*] inhibit
[Sun May  3 20:35:52.328 2009] 0.000 sec [all/0/rel 15 (0,500)] [*] inhibit
[Sun May  3 21:09:17.968 2009] 0.000 sec [all/0/rel 15 (0,1000)] [*] inhibit
[Sun May  3 21:58:40.328 2009] 0.001 sec [all/0/rel 15 (0,1000)] [*] inhibit
[Sun May  3 21:58:58.828 2009] 0.000 sec [all/0/rel 15 (0,1000)] [*] inhibit
[Sun May  3 21:59:33.062 2009] 0.001 sec [all/0/rel 15 (0,1000)] [*] inhibit
[Sun May  3 21:59:55.171 2009] 0.000 sec [all/0/rel 15 (0,1000)] [*] inhibit
[Sun May  3 21:59:59.625 2009] 0.001 sec [all/0/rel 15 (0,1000)] [*] inhibit
[Sun May  3 22:00:10.578 2009] 0.001 sec [all/0/rel 15 (0,1000)] [*] inhibit
[Sun May  3 22:00:55.484 2009] 0.001 sec [all/0/rel 15 (0,1000)] [*] inhibit
[Sun May  3 22:16:15.718 2009] 0.005 sec [all/0/rel 4 (0,1000)] [*] was associated with
[Sun May  3 22:16:42.359 2009] 0.002 sec [all/0/rel 5 (0,1000)] [*] was associated
[Sun May  3 22:17:00.921 2009] 0.004 sec [any/0/rel 32 (0,1000)] [*] was associated with
[Sun May  3 22:20:41.859 2009] 0.003 sec [any/0/rel 32 (0,1000)] [*] was associated with
[Sun May  3 22:21:59.890 2009] 0.001 sec [all/0/rel 4 (0,1000)] [*] was associated with
[Sun May  3 22:42:43.765 2009] 0.002 sec [all/0/rel 4 (0,1000)] [*] was associated with
[Sun May  3 22:42:52.359 2009] 0.002 sec [all/0/rel 4 (0,1000)] [*] was associated with
[Sun May  3 22:43:20.421 2009] 0.002 sec [all/0/rel 4 (0,1000)] [*] was associated with
[Sun May  3 22:44:37.531 2009] 0.002 sec [all/0/rel 4 (0,1000)] [*] was associated with
[Sun May  3 22:49:22.828 2009] 0.001 sec [all/0/rel 4 (0,1000)] [*] was associated with
[Sun May  3 22:49:42.093 2009] 0.001 sec [all/0/rel 4 (0,1000)] [*] was associated with
[Sun May  3 22:49:53.250 2009] 0.002 sec [all/0/rel 4 (0,1000)] [*] was associated with
[Sun May  3 23:01:37.781 2009] 0.001 sec [all/0/rel 4 (0,1000)] [*] was associated with
[Sun May  3 23:04:16.250 2009] 0.002 sec [all/0/rel 4 (0,1000)] [*] was associated with
[Sun May  3 23:04:22.656 2009] 0.001 sec [all/0/rel 4 (0,1000)] [*] was associated with
[Sun May  3 23:04:33.625 2009] 0.001 sec [all/0/rel 4 (0,1000)] [*] was associated with
[Sun May  3 23:06:57.140 2009] 0.001 sec [all/0/rel 4 (0,1000)] [*] was associated with
[Sun May  3 23:07:03.484 2009] 0.000 sec [all/0/rel 15 (0,1000)] [*] inhibits
[Sun May  3 23:07:39.156 2009] 0.001 sec [all/0/rel 1 (0,1000)] [*] increases proliferation
[Sun May  3 23:07:46.750 2009] 0.002 sec [all/0/rel 1 (0,1000)] [*] enhances proliferation
[Sun May  3 23:07:52.250 2009] 0.001 sec [all/0/rel 8 (0,1000)] [*] proliferation
[Sun May  3 23:08:06.875 2009] 0.001 sec [all/0/rel 1 (0,1000)] [*] enhances proliferation
[Sun May  3 23:08:16.296 2009] 0.001 sec [all/0/rel 0 (0,1000)] [*] enhances tremendously proliferation
[Sun May  3 23:08:24.437 2009] 0.000 sec [all/0/rel 0 (0,1000)] [*] enhances tremendously proliferation
[Sun May  3 23:09:20.281 2009] 0.001 sec [any/0/rel 9 (0,1000)] [*] enhances tremendously proliferation
[Sun May  3 23:09:26.484 2009] 0.001 sec [any/0/rel 9 (0,1000)] [*] enhances proliferation
[Sun May  3 23:09:37.093 2009] 0.001 sec [any/0/rel 15 (0,1000)] [*] inhibits
[Sun May  3 23:09:57.812 2009] 0.001 sec [any/0/rel 9 (0,1000)] [*] enhances tremendously proliferation
[Sun May  3 23:11:44.046 2009] 0.000 sec [any/0/rel 9 (0,1000)] [*] enhances tremendously proliferation
[Sun May  3 23:11:50.703 2009] 0.003 sec [any/0/rel 9 (0,1000)] [*] enhances tremendously proliferation
[Sun May  3 23:12:52.187 2009] 0.001 sec [any/0/rel 9 (0,1000)] [*] enhances tremendously proliferation
[Sun May  3 23:20:43.765 2009] 0.000 sec [any/0/rel 9 (0,1000)] [*] enhances tremendously proliferation
[Sun May  3 23:23:18.875 2009] 0.004 sec [any/0/rel 9 (0,1000)] [*] enhances tremendously proliferation
[Sun May  3 23:23:41.703 2009] 0.002 sec [any/0/rel 9 (0,1000)] [*] enhances tremendously proliferation
[Sun May  3 23:24:44.125 2009] 0.000 sec [any/0/rel 9 (0,1000)] [*] enhances tremendously proliferation
[Sun May  3 23:24:51.171 2009] 0.003 sec [any/0/rel 9 (0,1000)] [*] enhances tremendously fucking proliferation
[Sun May  3 23:24:59.156 2009] 0.001 sec [any/0/rel 15 (0,1000)] [*] inhibits
[Sun May  3 23:25:04.078 2009] 0.002 sec [any/0/rel 20 (0,1000)] [*] inhibits proliferation
[Sun May  3 23:25:10.234 2009] 0.002 sec [any/0/rel 32 (0,1000)] [*] was associated with
[Sun May  3 23:25:17.953 2009] 0.001 sec [any/0/rel 25 (0,1000)] [*] associated
[Sun May  3 23:25:23.421 2009] 0.003 sec [any/0/rel 8 (0,1000)] [*] proliferation
[Sun May  3 23:29:10.578 2009] 0.002 sec [any/0/rel 37 (0,1000)] [*] are known to contain high concentrations
[Sun May  3 23:29:26.437 2009] 0.002 sec [any/0/rel 73 (0,1000)] [*] may protect against the development
[Sun May  3 23:30:10.203 2009] 0.001 sec [any/0/rel 23 (0,1000)] [*] do not prevent further development
[Sun May  3 23:30:28.046 2009] 0.004 sec [any/0/rel 43 (0,1000)] [*] accelerated the growth
[Tue May  5 19:10:27.875 2009] 0.033 sec [any/0/rel 32 (0,1000)] [*] was associated with
[Tue May  5 19:11:24.375 2009] 0.002 sec [any/0/rel 73 (0,1000)] [*] may protect against the development
[Tue May  5 19:11:41.328 2009] 0.002 sec [any/0/rel 25 (0,1000)] [*] is not well established
[Sun May 10 21:50:35.984 2009] 0.041 sec [any/0/rel 69 (0,1000)] [*] have been proposed to be
[Sun May 10 21:52:00.718 2009] 0.054 sec [any/0/rel 57 (0,1000)] [*] appear to work in conjunction with
[Sun May 10 21:56:08.671 2009] 0.002 sec [any/0/rel 57 (0,1000)] [*] appear to work in conjunction with
[Sun May 10 21:56:12.234 2009] 0.002 sec [any/0/rel 57 (0,1000)] [*] appear to work in conjunction with
[Sun May 10 21:56:30.046 2009] 0.003 sec [any/0/rel 32 (0,1000)] [*] was associated with
[Sun May 10 22:01:45.468 2009] 0.039 sec [any/0/rel 30 (0,1000)] [*] a novel and promising
[Sun May 10 22:02:22.187 2009] 0.002 sec [any/0/rel 30 (0,1000)] [*] a novel and promising
[Sun May 10 22:04:15.218 2009] 0.001 sec [any/0/rel 30 (0,1000)] [*] a novel and promising
[Sun May 10 22:05:04.875 2009] 0.002 sec [any/0/rel 61 (0,1000)] [*] has been known to be
[Sun May 10 22:07:07.234 2009] 0.002 sec [any/0/rel 61 (0,1000)] [*] has been known to be
[Sun May 10 22:07:14.343 2009] 0.002 sec [any/0/rel 32 (0,1000)] [*] was associated with
[Sun May 10 22:07:22.328 2009] 0.009 sec [any/0/rel 20 (0,1000)] [*] inhibits proliferation
[Sun May 10 22:08:53.125 2009] 0.001 sec [any/0/rel 20 (0,1000)] [*] inhibits proliferation
[Sun May 10 22:08:57.171 2009] 0.001 sec [any/0/rel 25 (0,1000)] [*] associated
[Sun May 10 22:10:28.531 2009] 0.000 sec [any/0/rel 25 (0,1000)] [*] associated
[Sun May 10 22:11:27.046 2009] 0.001 sec [any/0/rel 25 (0,1000)] [*] associated
[Sun May 10 22:11:30.890 2009] 0.001 sec [any/0/rel 9 (0,1000)] [*] was
[Sun May 10 22:11:33.953 2009] 0.001 sec [any/0/rel 15 (0,1000)] [*] inhibits
[Sun May 10 22:12:05.421 2009] 0.001 sec [any/0/rel 15 (0,1000)] [*] inhibits
[Sun May 10 22:12:19.937 2009] 0.002 sec [any/0/rel 20 (0,1000)] [*] inhibits proliferation
[Sun May 10 22:13:06.703 2009] 0.002 sec [any/0/rel 32 (0,1000)] [*] was associated with
[Sun May 10 22:15:29.437 2009] 0.002 sec [any/0/rel 32 (0,1000)] [*] was associated with
[Sun May 10 22:15:31.328 2009] 0.002 sec [any/0/rel 32 (0,1000)] [*] was associated with
[Sun May 10 22:15:37.484 2009] 0.001 sec [any/0/rel 20 (0,1000)] [*] inhibits proliferation
[Sun May 10 22:15:44.140 2009] 0.001 sec [any/0/rel 13 (0,1000)] [*] increases proliferation
[Sun May 10 22:15:58.843 2009] 0.001 sec [any/0/rel 0 (0,1000)] [*] inhibts
[Sun May 10 22:16:13.718 2009] 0.001 sec [any/0/rel 0 (0,1000)] [*] abcdaonca
[Sun May 10 22:16:33.484 2009] 0.001 sec [any/0/rel 15 (0,1000)] [*] inhibits
[Sun May 10 22:17:31.640 2009] 0.002 sec [any/0/rel 69 (0,1000)] [*] have been proposed to be
[Sun May 10 22:18:03.671 2009] 0.000 sec [any/0/rel 32 (0,1000)] [*] was associated with
[Sun May 10 22:18:11.828 2009] 0.001 sec [any/0/rel 0 (0,1000)] [*] inhibita
[Sun May 10 22:18:15.328 2009] 0.001 sec [any/0/rel 15 (0,1000)] [*] inhibits
[Sun May 10 22:21:45.078 2009] 0.000 sec [any/0/rel 15 (0,1000)] [*] inhibits
[Sun May 10 22:21:51.734 2009] 0.001 sec [any/0/rel 32 (0,1000)] [*] was associated with
[Sun May 10 22:22:01.484 2009] 0.002 sec [any/0/rel 69 (0,1000)] [*] have been proposed to be
[Sun May 10 22:22:44.859 2009] 0.001 sec [any/0/rel 0 (0,1000)] [*] implies that
[Sun May 10 22:23:05.687 2009] 0.003 sec [any/0/rel 69 (0,1000)] [*] have been proposed to be
[Sun May 10 22:23:17.437 2009] 0.001 sec [any/0/rel 13 (0,1000)] [*] increases proliferation
[Sun May 10 22:23:53.593 2009] 0.002 sec [any/0/rel 0 (0,1000)] [*] abcdaonca
[Sun May 10 22:25:15.781 2009] 0.001 sec [any/0/rel 0 (0,1000)] [*] abcdaonca
[Sun May 10 22:25:26.265 2009] 0.000 sec [any/0/rel 15 (0,1000)] [*] inhibits
[Sun May 10 22:25:51.234 2009] 0.002 sec [any/0/rel 22 (0,1000)] [*] there was no evidence
[Sun May 10 22:26:29.453 2009] 0.002 sec [any/0/rel 22 (0,1000)] [*] there was no evidence
[Sun May 10 22:27:35.281 2009] 0.082 sec [any/0/rel 17 (0,1000)] [*] used as an alternative therapy
[Sun May 10 22:43:29.718 2009] 0.002 sec [any/0/rel 32 (0,1000)] [*] was associated with
[Sun May 10 22:46:33.468 2009] 0.001 sec [any/0/rel 32 (0,1000)] [*] was associated with
[Sun May 10 22:46:42.453 2009] 0.002 sec [any/0/rel 69 (0,1000)] [*] have been proposed to be
[Sun May 10 22:46:55.031 2009] 0.002 sec [any/0/rel 20 (0,1000)] [*] inhibits proliferation
[Sun May 10 22:47:01.187 2009] 0.002 sec [any/0/rel 69 (0,1000)] [*] have been proposed to be
[Sun May 17 11:22:20.500 2009] 0.082 sec [any/0/rel 6 (0,1000)] [*] increase
[Sun May 17 11:23:08.375 2009] 0.001 sec [any/0/rel 6 (0,1000)] [*] increase
[Sun May 17 11:23:13.625 2009] 0.001 sec [any/0/rel 0 (0,1000)] [*] increas
[Sun May 17 11:23:17.156 2009] 0.001 sec [any/0/rel 6 (0,1000)] [*] increase
[Sun May 17 11:23:58.968 2009] 0.000 sec [any/0/rel 6 (0,1000)] [*] increase
[Sun May 17 11:24:12.109 2009] 0.001 sec [any/0/rel 6 (0,1000)] [*] increasing
[Sun May 17 11:24:20.109 2009] 0.002 sec [any/0/rel 6 (0,1000)] [*] increasing
[Sun May 17 11:24:23.359 2009] 0.001 sec [any/0/rel 6 (0,1000)] [*] increased
[Sun May 17 11:24:26.359 2009] 0.001 sec [any/0/rel 0 (0,1000)] [*] increas
[Sun May 17 11:24:29.031 2009] 0.000 sec [any/0/rel 6 (0,1000)] [*] increased
[Sun May 17 11:24:31.984 2009] 0.001 sec [any/0/rel 6 (0,1000)] [*] increase
[Sun May 17 11:24:34.843 2009] 0.001 sec [any/0/rel 6 (0,1000)] [*] increasing
[Sun May 17 11:26:51.343 2009] 0.002 sec [any/0/rel 25 (0,1000)] [*] associated
[Sun May 17 11:26:53.765 2009] 0.001 sec [any/0/rel 25 (0,1000)] [*] associate
[Sun May 17 11:26:56.484 2009] 0.001 sec [any/0/rel 0 (0,1000)] [*] associat
[Sun May 17 11:27:03.906 2009] 0.001 sec [any/0/rel 25 (0,1000)] [*] associate
[Sun May 17 12:37:29.921 2009] 0.002 sec [any/0/rel 6 (0,1000)] [*] increase
[Sun May 17 12:37:35.046 2009] 0.002 sec [any/0/rel 0 (0,1000)] [*] increas
[Sun May 17 12:42:07.765 2009] 0.001 sec [any/0/rel 0 (0,1000)] [*] increasa
[Sun May 17 12:42:10.000 2009] 0.001 sec [any/0/rel 6 (0,1000)] [*] increase
[Sun May 17 12:42:16.375 2009] 0.001 sec [any/0/rel 6 (0,1000)] [*] increased
[Sun May 17 12:42:19.718 2009] 0.001 sec [any/0/rel 6 (0,1000)] [*] increasing
[Sun May 17 12:42:25.187 2009] 0.001 sec [any/0/rel 6 (0,1000)] [*] increasingly
[Sun May 17 12:42:30.671 2009] 0.002 sec [any/0/rel 6 (0,1000)] [*] increase
[Sun May 17 12:42:33.718 2009] 0.001 sec [any/0/rel 0 (0,1000)] [*] increa
[Sun May 17 12:42:35.468 2009] 0.001 sec [any/0/rel 0 (0,1000)] [*] increas
[Sun May 17 12:42:38.156 2009] 0.000 sec [any/0/rel 6 (0,1000)] [*] increase
[Sun May 17 12:48:22.781 2009] 0.002 sec [any/0/rel 6 (0,1000)] [*] increase
[Sun May 17 12:48:34.875 2009] 0.001 sec [any/0/rel 6 (0,1000)] [*] increase
[Sun May 17 12:49:34.968 2009] 0.000 sec [any/0/rel 6 (0,1000)] [*] increasing
[Sun May 17 12:49:51.765 2009] 0.001 sec [any/0/rel 0 (0,1000)] [*] increas
[Sun May 17 12:50:05.750 2009] 0.001 sec [any/0/rel 0 (0,1000)] [*] increas
[Sun May 17 13:00:34.859 2009] 0.000 sec [any/0/rel 6 (0,1000)] [*] increas*
[Sun May 17 13:04:10.062 2009] 0.000 sec [any/0/rel 0 (0,1000)] [*] increas**
[Sun May 17 13:05:19.718 2009] 0.002 sec [any/0/rel 6 (0,1000)] [*] increas*
[Sun May 17 13:06:03.921 2009] 0.002 sec [any/0/rel 59 (0,1000)] [*] may be associat* with*
[Sun May 17 13:06:46.125 2009] 0.002 sec [any/0/rel 59 (0,1000)] [*] may be associat* with
[Sun May 17 13:07:05.250 2009] 0.002 sec [any/0/rel 52 (0,1000)] [*] may be associat with
[Sun May 17 13:07:16.171 2009] 0.001 sec [any/0/rel 52 (0,1000)] [*] may be associat with
[Sun May 17 13:07:22.828 2009] 0.002 sec [any/0/rel 59 (0,1000)] [*] may be associated with
[Sun May 17 13:07:34.296 2009] 0.002 sec [any/0/rel 32 (0,1000)] [*] was associated with
[Sun May 17 13:07:41.046 2009] 0.001 sec [any/0/rel 20 (0,1000)] [*] was associat with
[Sun May 17 13:08:12.406 2009] 0.000 sec [any/0/rel 13 (0,1000)] [*] increases proliferation
[Sun May 17 13:08:19.750 2009] 0.001 sec [any/0/rel 8 (0,1000)] [*] increases* proliferation*
[Sun May 17 13:08:42.781 2009] 0.001 sec [any/0/rel 13 (0,1000)] [*] increases proliferation
[Sun May 17 13:10:49.562 2009] 0.001 sec [any/0/rel 13 (0,1000)] [*] increases proliferation
[Sun May 17 13:11:07.359 2009] 0.001 sec [any/0/rel 8 (0,1000)] [*] increas proliferation
[Sun May 17 13:11:23.718 2009] 0.002 sec [any/0/rel 8 (0,1000)] [*] increas proliferation
[Sun May 17 13:11:29.218 2009] 0.001 sec [any/0/rel 8 (0,1000)] [*] increas proliferation
[Sun May 17 13:11:30.453 2009] 0.001 sec [any/0/rel 8 (0,1000)] [*] increas proliferation
[Sun May 17 13:11:31.312 2009] 0.001 sec [any/0/rel 8 (0,1000)] [*] increas proliferation
[Sun May 17 13:11:33.968 2009] 0.001 sec [any/0/rel 13 (0,1000)] [*] increases proliferation
[Sun May 17 13:11:41.421 2009] 0.001 sec [any/0/rel 73 (0,1000)] [*] may protect against the development
[Sun May 17 13:11:48.875 2009] 0.003 sec [any/0/rel 73 (0,1000)] [*] may protect against the develop
[Sun May 17 13:11:51.593 2009] 0.002 sec [any/0/rel 73 (0,1000)] [*] may protect against the development
[Sun May 17 13:11:57.250 2009] 0.002 sec [any/0/rel 73 (0,1000)] [*] may protect against the develop
[Sun May 17 13:12:02.203 2009] 0.002 sec [any/0/rel 32 (0,1000)] [*] was associated with
[Sun May 17 13:12:07.515 2009] 0.001 sec [any/0/rel 20 (0,1000)] [*] was associat with
[Sun May 17 13:12:15.609 2009] 0.002 sec [any/0/rel 25 (0,1000)] [*] associated
[Sun May 17 13:12:19.546 2009] 0.001 sec [any/0/rel 25 (0,1000)] [*] associate
[Sun May 17 13:12:21.484 2009] 0.001 sec [any/0/rel 0 (0,1000)] [*] associat
[Sun May 17 13:12:27.703 2009] 0.000 sec [any/0/rel 25 (0,1000)] [*] associated
[Sun May 17 13:12:29.437 2009] 0.001 sec [any/0/rel 25 (0,1000)] [*] associate
[Sun May 17 13:12:31.218 2009] 0.001 sec [any/0/rel 0 (0,1000)] [*] associat
[Sun May 17 13:12:31.250 2009] 0.000 sec [any/0/rel 25 (0,1000)] [*] associat*
[Sun May 17 13:12:35.421 2009] 0.001 sec [any/0/rel 0 (0,1000)] [*] inhibts
[Sun May 17 13:12:35.437 2009] 0.001 sec [any/0/rel 0 (0,1000)] [*] inhibts*
[Sun May 17 13:12:39.078 2009] 0.001 sec [any/0/rel 15 (0,1000)] [*] inhibits
[Sun May 17 13:12:41.671 2009] 0.001 sec [any/0/rel 15 (0,1000)] [*] inhibit
[Sun May 17 13:12:44.375 2009] 0.000 sec [any/0/rel 0 (0,1000)] [*] inhibi
[Sun May 17 13:12:44.390 2009] 0.000 sec [any/0/rel 18 (0,1000)] [*] inhibi*
[Sun May 17 13:12:47.796 2009] 0.000 sec [any/0/rel 0 (0,1000)] [*] inhib
[Sun May 17 13:12:47.812 2009] 0.000 sec [any/0/rel 18 (0,1000)] [*] inhib*
[Sun May 17 13:34:29.703 2009] 0.002 sec [any/0/rel 59 (0,1000)] [*] may be associated with
[Sun May 17 14:06:51.828 2009] 0.002 sec [any/0/rel 32 (0,1000)] [*] may be associated with
[Sun May 17 14:06:53.281 2009] 0.002 sec [any/0/rel 32 (0,1000)] [*] may be associated with
[Sun May 17 14:06:57.640 2009] 0.000 sec [any/0/rel 0 (0,1000)] [*] associated
[Sun May 17 14:06:57.656 2009] 0.000 sec [any/0/rel 0 (0,1000)] [*] associated*
[Sun May 17 14:07:00.046 2009] 0.000 sec [any/0/rel 0 (0,1000)] [*] associate
[Sun May 17 14:07:00.046 2009] 0.000 sec [any/0/rel 0 (0,1000)] [*] associate*
[Sun May 17 14:07:01.703 2009] 0.002 sec [any/0/rel 0 (0,1000)] [*] associat
[Sun May 17 14:07:01.718 2009] 0.001 sec [any/0/rel 0 (0,1000)] [*] associat*
[Sun May 17 14:07:03.968 2009] 0.001 sec [any/0/rel 0 (0,1000)] [*] associa
[Sun May 17 14:07:03.984 2009] 0.001 sec [any/0/rel 0 (0,1000)] [*] associa*
[Sun May 17 14:07:05.390 2009] 0.001 sec [any/0/rel 25 (0,1000)] [*] associ
[Sun May 17 14:07:09.859 2009] 0.001 sec [any/0/rel 1 (0,1000)] [*] soi
[Sun May 17 14:07:12.968 2009] 0.001 sec [any/0/rel 0 (0,1000)] [*] soy
[Sun May 17 14:07:12.984 2009] 0.001 sec [any/0/rel 0 (0,1000)] [*] soy
[Sun May 17 17:29:46.968 2009] 0.002 sec [any/0/rel 1 (0,1000)] [*] CA-125 CONCLUSION Ferment
[Sun May 17 17:30:14.656 2009] 0.000 sec [any/0/rel 1 (0,1000)] [*] CA-125 CONCLUSION Ferment
[Sun May 17 17:31:45.640 2009] 0.003 sec [any/0/rel 34 (0,1000)] [*] niti self-direct treatment with Haelan951 a commerci avail ferment
[Sun May 17 17:38:07.828 2009] 0.002 sec [any/0/rel 34 (0,1000)] [*] niti self-direct treatment with Haelan951 a commerci avail ferment
[Sun May 17 17:40:14.281 2009] 0.002 sec [any/0/rel 1 (0,1000)] [*] CA-125 CONCLUSION Ferment
[Sun May 17 17:40:23.031 2009] 0.002 sec [any/0/rel 1 (0,1000)] [*] CA-125 CONCLUSION Ferment
[Sun May 17 17:43:46.703 2009] 0.002 sec [any/0/rel 34 (0,1000)] [*] niti self-direct treatment with Haelan951 a commerci avail ferment
[Sun May 17 17:44:49.875 2009] 0.001 sec [any/0/rel 34 (0,1000)] [*] niti self-direct treatment with Haelan951 a commerci avail ferment
[Sun May 17 17:50:02.203 2009] 0.001 sec [any/0/rel 15 (0,1000)] [*] inhibit
[Sun May 17 17:50:57.109 2009] 0.002 sec [any/0/rel 56 (0,1000)] [*] mai be associ
[Sun May 17 17:59:28.687 2009] 0.002 sec [any/0/rel 56 (0,1000)] [*] mai be associ
