[Sun May  3 12:45:08.421 2009] [ 5296] accepting connections
[Sun May  3 12:47:53.656 2009] [ 5296] shutdown complete
[Sun May  3 12:49:12.453 2009] [ 4336] accepting connections
[Sun May  3 12:58:36.000 2009] [ 4336] shutdown complete
[Sun May  3 13:15:24.156 2009] [ 5852] accepting connections
[Sun May  3 13:27:12.531 2009] [ 5852] shutdown complete
[Sun May  3 13:30:30.546 2009] [ 5248] accepting connections
[Sun May  3 13:30:52.937 2009] [ 5248] shutdown complete
[Sun May  3 13:40:08.968 2009] [ 5356] accepting connections
[Sun May  3 20:34:20.859 2009] [ 5356] shutdown complete
[Sun May  3 20:35:25.906 2009] [ 4840] accepting connections
[Sun May  3 21:05:48.000 2009] [ 4840] shutdown complete
[Sun May  3 21:09:07.765 2009] [ 7472] accepting connections
[Sun May  3 23:32:38.906 2009] [ 7472] shutdown complete
[Sun May  3 23:33:42.546 2009] [ 7484] accepting connections
[Sun May  3 23:42:08.953 2009] [ 7484] shutdown complete
[Sun May  3 23:42:29.578 2009] [  436] accepting connections
[Mon May  4 21:49:56.437 2009] [ 2324] accepting connections
[Tue May  5 01:08:21.781 2009] [ 3420] accepting connections
[Tue May  5 11:31:42.500 2009] [ 2288] accepting connections
[Tue May  5 18:53:21.031 2009] [ 2328] accepting connections
[Wed May  6 08:14:17.828 2009] [ 2288] accepting connections
[Thu May  7 17:49:50.781 2009] [ 2220] accepting connections
[Thu May  7 19:07:11.828 2009] [ 1864] accepting connections
[Thu May  7 21:48:13.046 2009] [ 2396] accepting connections
[Fri May  8 17:19:54.656 2009] [ 1404] accepting connections
[Fri May  8 19:38:03.406 2009] [ 2020] accepting connections
[Fri May  8 21:49:12.500 2009] [ 2288] accepting connections
[Sat May  9 07:09:08.031 2009] [ 2092] accepting connections
[Sun May 10 08:31:29.093 2009] [ 2420] accepting connections
[Mon May 11 21:28:03.062 2009] [ 2388] accepting connections
[Tue May 12 19:43:26.046 2009] [ 2096] accepting connections
[Tue May 12 23:18:00.640 2009] [ 2356] accepting connections
[Wed May 13 14:17:34.906 2009] [ 2332] accepting connections
[Wed May 13 18:00:27.156 2009] [  664] accepting connections
[Thu May 14 17:26:13.578 2009] [ 2312] accepting connections
[Thu May 14 18:45:48.859 2009] [ 2260] accepting connections
[Thu May 14 21:15:59.921 2009] [ 2288] accepting connections
[Fri May 15 09:13:25.468 2009] [ 2284] accepting connections
[Fri May 15 11:41:43.125 2009] [ 2268] accepting connections
[Fri May 15 13:23:22.906 2009] [ 2232] accepting connections
[Fri May 15 14:08:45.328 2009] [ 2260] accepting connections
[Fri May 15 21:06:58.109 2009] [ 2316] accepting connections
[Sun May 17 13:13:35.984 2009] [ 2316] shutdown complete
